<?xml version="1.0" encoding="UTF-8"?>
<!-- Generated by org.testng.reporters.JUnitReportReporter -->
<testsuite hostname="LAPTOP-4RH8URH9" failures="0" tests="1" name="demo.Demo" time="11.427" errors="0" timestamp="15 Nov 2024 12:16:40 GMT" skipped="0">
  <testcase classname="demo.Demo" name="openPage" time="11.427"/>
</testsuite> <!-- demo.Demo -->
